<?xml version="1.0" encoding="UTF-8"?>
<!-- Generated by org.testng.reporters.JUnitXMLReporter -->
<testsuite hostname="DHARSHINI" ignored="0" name="chrome" tests="12" failures="0" timestamp="16 Jun 2020 11:28:33 GMT" time="568.689" errors="0">
  <testcase name="testwebpage" time="77.139" classname="com.Bookshelf.testdata.TestValidData"/>
  <testcase name="testwebpage" time="103.629" classname="com.Bookshelf.testdata.TestValidData"/>
  <testcase name="testwebpage" time="14.448" classname="com.Bookshelf.testdata.TestValidData"/>
  <testcase name="testwebpage" time="17.907" classname="com.Bookshelf.testdata.TestValidData"/>
  <testcase name="testwebpage" time="10.568" classname="com.Bookshelf.testdata.TestValidData"/>
  <testcase name="testwebpage" time="10.664" classname="com.Bookshelf.testdata.TestValidData"/>
  <testcase name="testwebpage" time="9.951" classname="com.Bookshelf.testdata.TestValidData"/>
  <testcase name="testwebpage" time="12.284" classname="com.Bookshelf.testdata.TestValidData"/>
  <testcase name="testwebpage" time="51.998" classname="com.Bookshelf.testdata.TestValidData"/>
  <testcase name="testwebpage" time="83.327" classname="com.Bookshelf.testdata.TestValidData"/>
  <testcase name="testwebpage" time="52.821" classname="com.Bookshelf.testdata.TestValidData"/>
  <testcase name="testwebpage" time="10.677" classname="com.Bookshelf.testdata.TestValidData"/>
</testsuite> <!-- chrome -->
