<?xml version="1.0" encoding="UTF-8"?>
<testsuite xmlns:xsi="http://www.w3.org/2001/XMLSchema-instance" xsi:noNamespaceSchemaLocation="https://maven.apache.org/surefire/maven-surefire-plugin/xsd/surefire-test-report-3.0.xsd" version="3.0" name="TestSuite" time="632.829" tests="13" errors="0" skipped="1" failures="0">
  <properties>
[...]
</properties>
  <testcase name="testwebpage" classname="com.Bookshelf.testdata.TestValidData" time="79.975"/>
  <testcase name="testwebpage" classname="com.Bookshelf.testdata.TestValidData" time="100.674"/>
  <testcase name="testwebpage" classname="com.Bookshelf.testdata.TestValidData" time="14.448"/>
  <testcase name="testwebpage" classname="com.Bookshelf.testdata.TestValidData" time="17.907"/>
  <testcase name="testwebpage" classname="com.Bookshelf.testdata.TestValidData" time="10.561"/>
  <testcase name="testwebpage" classname="com.Bookshelf.testdata.TestValidData" time="10.665"/>
  <testcase name="testwebpage" classname="com.Bookshelf.testdata.TestValidData" time="9.95"/>
  <testcase name="testwebpage" classname="com.Bookshelf.testdata.TestValidData" time="12.289"/>
  <testcase name="testwebpage" classname="com.Bookshelf.testdata.TestValidData" time="51.998"/>
  <testcase name="testwebpage" classname="com.Bookshelf.testdata.TestValidData" time="83.327"/>
  <testcase name="testwebpage" classname="com.Bookshelf.testdata.TestValidData" time="52.829"/>
  <testcase name="testwebpage" classname="com.Bookshelf.testdata.TestValidData" time="10.677"/>
  <testcase name="testwebpage" classname="com.Bookshelf.testdata.TestValidData" time="0">
    <skipped message="java.lang.NullPointerException"/>
    <system-out><![CDATA[before class done
into get exxcel data
Entered into excel utils
Selected the file java.io.FileInputStream@1e79d43
]]></system-out>
    <system-err><![CDATA[1592306916498	mozrunner::runner	INFO	Running command: "C:\\Program Files\\Mozilla Firefox\\firefox.exe" "-marionette" "-foreground" "-no-remote" "-profile" "C:\\Users\\DHARSH~1\\AppData\\Local\\Temp\\rust_mozprofilew5Wsja"
JavaScript error: cck2.cfg, line 24: ReferenceError: Components is not defined
JavaScript error: resource://gre/modules/XULStore.jsm, line 66: Error: Can't find profile directory.
1592306939936	Marionette	INFO	Listening on port 59925
1592306940275	Marionette	WARN	TLS certificate errors will be ignored for this session
Jun 16, 2020 4:59:00 PM org.openqa.selenium.remote.ProtocolHandshake createSession
INFO: Detected dialect: W3C
[Utils] [ERROR] [Error] java.lang.NullPointerException
	at com.Bookshelf.utils.ExcelUtils_Bookshelf_name_and_price.readExcelData(ExcelUtils_Bookshelf_name_and_price.java:31)
	at com.Bookshelf.testdata.TestValidData.getExcelData(TestValidData.java:52)
	at sun.reflect.NativeMethodAccessorImpl.invoke0(Native Method)
	at sun.reflect.NativeMethodAccessorImpl.invoke(NativeMethodAccessorImpl.java:62)
	at sun.reflect.DelegatingMethodAccessorImpl.invoke(DelegatingMethodAccessorImpl.java:43)
	at java.lang.reflect.Method.invoke(Method.java:498)
	at org.testng.internal.MethodInvocationHelper.invokeMethod(MethodInvocationHelper.java:124)
	at org.testng.internal.MethodInvocationHelper.invokeMethod(MethodInvocationHelper.java:74)
	at org.testng.internal.MethodInvocationHelper.invokeMethodNoCheckedException(MethodInvocationHelper.java:45)
	at org.testng.internal.MethodInvocationHelper.invokeDataProvider(MethodInvocationHelper.java:131)
	at org.testng.internal.Parameters.handleParameters(Parameters.java:706)
	at org.testng.internal.ParameterHandler.handleParameters(ParameterHandler.java:49)
	at org.testng.internal.ParameterHandler.createParameters(ParameterHandler.java:37)
	at org.testng.internal.Invoker.invokeTestMethods(Invoker.java:924)
	at org.testng.internal.TestMethodWorker.invokeTestMethods(TestMethodWorker.java:125)
	at org.testng.internal.TestMethodWorker.run(TestMethodWorker.java:109)
	at org.testng.TestRunner.privateRun(TestRunner.java:648)
	at org.testng.TestRunner.run(TestRunner.java:505)
	at org.testng.SuiteRunner.runTest(SuiteRunner.java:455)
	at org.testng.SuiteRunner.runSequentially(SuiteRunner.java:450)
	at org.testng.SuiteRunner.privateRun(SuiteRunner.java:415)
	at org.testng.SuiteRunner.run(SuiteRunner.java:364)
	at org.testng.SuiteRunnerWorker.runSuite(SuiteRunnerWorker.java:52)
	at org.testng.SuiteRunnerWorker.run(SuiteRunnerWorker.java:84)
	at org.testng.TestNG.runSuitesSequentially(TestNG.java:1208)
	at org.testng.TestNG.runSuitesLocally(TestNG.java:1137)
	at org.testng.TestNG.runSuites(TestNG.java:1049)
	at org.testng.TestNG.run(TestNG.java:1017)
	at org.apache.maven.surefire.testng.TestNGExecutor.run(TestNGExecutor.java:283)
	at org.apache.maven.surefire.testng.TestNGXmlTestSuite.execute(TestNGXmlTestSuite.java:75)
	at org.apache.maven.surefire.testng.TestNGProvider.invoke(TestNGProvider.java:120)
	at org.apache.maven.surefire.booter.ForkedBooter.invokeProviderInSameClassLoader(ForkedBooter.java:384)
	at org.apache.maven.surefire.booter.ForkedBooter.runSuitesInProcess(ForkedBooter.java:345)
	at org.apache.maven.surefire.booter.ForkedBooter.execute(ForkedBooter.java:126)
	at org.apache.maven.surefire.booter.ForkedBooter.main(ForkedBooter.java:418)

]]></system-err>
  </testcase>
</testsuite>